# JRE version: OpenJDK Runtime Environment (17.0.6) (build 17.0.6+0-b2043.56-10027231)
# Java VM: OpenJDK 64-Bit Server VM (17.0.6+0-b2043.56-10027231, mixed mode, tiered, compressed oops, compressed class ptrs, g1 gc, windows-amd64)
GC Precious Log:
 CPUs: 4 total, 4 available
 Memory: 3971M
 Large Page Support: Disabled
 NUMA Support: Disabled
 Compressed Oops: Enabled (32-bit)
 Heap Region Size: 1M
 Heap Min Capacity: 8M
 Heap Initial Capacity: 64M
 Heap Max Capacity: 2G
 Pre-touch: Disabled
 Parallel Workers: 4
 Concurrent Workers: 1
 Concurrent Refinement Workers: 4
 Periodic GC: Disabled
Heap:
 garbage-first heap   total 174080K, used 96208K [0x0000000080000000, 0x0000000100000000)
  region size 1024K, 6 young (6144K), 6 survivors (6144K)
 Metaspace       used 89264K, committed 89856K, reserved 1130496K
  class space    used 12006K, committed 12288K, reserved 1048576K
GC Heap History (20 events):
Event: 17.197 GC heap after
{Heap after GC invocations=26 (full 0):
 garbage-first heap   total 131072K, used 58749K [0x0000000080000000, 0x0000000100000000)
  region size 1024K, 5 young (5120K), 5 survivors (5120K)
 Metaspace       used 68267K, committed 68864K, reserved 1114112K
  class space    used 8947K, committed 9216K, reserved 1048576K
}
Event: 18.122 GC heap before
{Heap before GC invocations=26 (full 0):
 garbage-first heap   total 131072K, used 105853K [0x0000000080000000, 0x0000000100000000)
  region size 1024K, 50 young (51200K), 5 survivors (5120K)
 Metaspace       used 73761K, committed 74240K, reserved 1114112K
  class space    used 9876K, committed 10112K, reserved 1048576K
}
Event: 18.138 GC heap after
{Heap after GC invocations=27 (full 0):
 garbage-first heap   total 131072K, used 61284K [0x0000000080000000, 0x0000000100000000)
  region size 1024K, 3 young (3072K), 3 survivors (3072K)
 Metaspace       used 73761K, committed 74240K, reserved 1114112K
  class space    used 9876K, committed 10112K, reserved 1048576K
}
Event: 19.086 GC heap before
{Heap before GC invocations=27 (full 0):
 garbage-first heap   total 131072K, used 106340K [0x0000000080000000, 0x0000000100000000)
  region size 1024K, 47 young (48128K), 3 survivors (3072K)
 Metaspace       used 77807K, committed 78400K, reserved 1122304K
  class space    used 10460K, committed 10752K, reserved 1048576K
}
Event: 19.094 GC heap after
{Heap after GC invocations=28 (full 0):
 garbage-first heap   total 157696K, used 64373K [0x0000000080000000, 0x0000000100000000)
  region size 1024K, 6 young (6144K), 6 survivors (6144K)
 Metaspace       used 77807K, committed 78400K, reserved 1122304K
  class space    used 10460K, committed 10752K, reserved 1048576K
}
Event: 21.657 GC heap before
{Heap before GC invocations=28 (full 0):
 garbage-first heap   total 157696K, used 123765K [0x0000000080000000, 0x0000000100000000)
  region size 1024K, 64 young (65536K), 6 survivors (6144K)
 Metaspace       used 83575K, committed 84160K, reserved 1122304K
  class space    used 11290K, committed 11520K, reserved 1048576K
}
Event: 21.687 GC heap after
{Heap after GC invocations=29 (full 0):
 garbage-first heap   total 157696K, used 69632K [0x0000000080000000, 0x0000000100000000)
  region size 1024K, 8 young (8192K), 8 survivors (8192K)
 Metaspace       used 83575K, committed 84160K, reserved 1122304K
  class space    used 11290K, committed 11520K, reserved 1048576K
}
Event: 22.209 GC heap before
{Heap before GC invocations=29 (full 0):
 garbage-first heap   total 157696K, used 107520K [0x0000000080000000, 0x0000000100000000)
  region size 1024K, 46 young (47104K), 8 survivors (8192K)
 Metaspace       used 84920K, committed 85568K, reserved 1130496K
  class space    used 11379K, committed 11712K, reserved 1048576K
}
Event: 22.337 GC heap after
{Heap after GC invocations=30 (full 0):
 garbage-first heap   total 157696K, used 79099K [0x0000000080000000, 0x0000000100000000)
  region size 1024K, 8 young (8192K), 8 survivors (8192K)
 Metaspace       used 84920K, committed 85568K, reserved 1130496K
  class space    used 11379K, committed 11712K, reserved 1048576K
}
Event: 24.318 GC heap before
{Heap before GC invocations=31 (full 0):
 garbage-first heap   total 157696K, used 123131K [0x0000000080000000, 0x0000000100000000)
  region size 1024K, 52 young (53248K), 8 survivors (8192K)
 Metaspace       used 87486K, committed 88064K, reserved 1130496K
  class space    used 11820K, committed 12096K, reserved 1048576K
}
Event: 24.391 GC heap after
{Heap after GC invocations=32 (full 0):
 garbage-first heap   total 157696K, used 83946K [0x0000000080000000, 0x0000000100000000)
  region size 1024K, 6 young (6144K), 6 survivors (6144K)
 Metaspace       used 87486K, committed 88064K, reserved 1130496K
  class space    used 11820K, committed 12096K, reserved 1048576K
}
Event: 24.443 GC heap before
{Heap before GC invocations=32 (full 0):
 garbage-first heap   total 157696K, used 84970K [0x0000000080000000, 0x0000000100000000)
  region size 1024K, 7 young (7168K), 6 survivors (6144K)
 Metaspace       used 87504K, committed 88192K, reserved 1130496K
  class space    used 11822K, committed 12160K, reserved 1048576K
}
Event: 24.468 GC heap after
{Heap after GC invocations=33 (full 0):
 garbage-first heap   total 157696K, used 84695K [0x0000000080000000, 0x0000000100000000)
  region size 1024K, 1 young (1024K), 1 survivors (1024K)
 Metaspace       used 87504K, committed 88192K, reserved 1130496K
  class space    used 11822K, committed 12160K, reserved 1048576K
}
Event: 25.533 GC heap before
{Heap before GC invocations=33 (full 0):
 garbage-first heap   total 157696K, used 124631K [0x0000000080000000, 0x0000000100000000)
  region size 1024K, 41 young (41984K), 1 survivors (1024K)
 Metaspace       used 87832K, committed 88512K, reserved 1130496K
  class space    used 11828K, committed 12160K, reserved 1048576K
}
Event: 25.555 GC heap after
{Heap after GC invocations=34 (full 0):
 garbage-first heap   total 157696K, used 88581K [0x0000000080000000, 0x0000000100000000)
  region size 1024K, 5 young (5120K), 5 survivors (5120K)
 Metaspace       used 87832K, committed 88512K, reserved 1130496K
  class space    used 11828K, committed 12160K, reserved 1048576K
}
Event: 26.722 GC heap before
{Heap before GC invocations=35 (full 0):
 garbage-first heap   total 174080K, used 125445K [0x0000000080000000, 0x0000000100000000)
  region size 1024K, 42 young (43008K), 5 survivors (5120K)
 Metaspace       used 88314K, committed 88896K, reserved 1130496K
  class space    used 11875K, committed 12160K, reserved 1048576K
}
Event: 26.743 GC heap after
{Heap after GC invocations=36 (full 0):
 garbage-first heap   total 174080K, used 91090K [0x0000000080000000, 0x0000000100000000)
  region size 1024K, 5 young (5120K), 5 survivors (5120K)
 Metaspace       used 88314K, committed 88896K, reserved 1130496K
  class space    used 11875K, committed 12160K, reserved 1048576K
}
Event: 26.807 GC heap before
{Heap before GC invocations=36 (full 0):
 garbage-first heap   total 174080K, used 93138K [0x0000000080000000, 0x0000000100000000)
  region size 1024K, 8 young (8192K), 5 survivors (5120K)
 Metaspace       used 88317K, committed 88896K, reserved 1130496K
  class space    used 11875K, committed 12160K, reserved 1048576K
}
Event: 26.822 GC heap after
{Heap after GC invocations=37 (full 0):
 garbage-first heap   total 174080K, used 90497K [0x0000000080000000, 0x0000000100000000)
  region size 1024K, 1 young (1024K), 1 survivors (1024K)
 Metaspace       used 88317K, committed 88896K, reserved 1130496K
  class space    used 11875K, committed 12160K, reserved 1048576K
}
Event: 27.912 GC heap before
{Heap before GC invocations=37 (full 0):
 garbage-first heap   total 174080K, used 137601K [0x0000000080000000, 0x0000000100000000)
  region size 1024K, 48 young (49152K), 1 survivors (1024K)
 Metaspace       used 89264K, committed 89856K, reserved 1130496K
  class space    used 12006K, committed 12288K, reserved 1048576K
}

