# JRE version: OpenJDK Runtime Environment (17.0.6) (build 17.0.6+0-b2043.56-10027231)
# Java VM: OpenJDK 64-Bit Server VM (17.0.6+0-b2043.56-10027231, mixed mode, tiered, compressed oops, compressed class ptrs, g1 gc, windows-amd64)
GC Precious Log:
 CPUs: 4 total, 4 available
 Memory: 3971M
 Large Page Support: Disabled
 NUMA Support: Disabled
 Compressed Oops: Enabled (32-bit)
 Heap Region Size: 1M
 Heap Min Capacity: 8M
 Heap Initial Capacity: 64M
 Heap Max Capacity: 2G
 Pre-touch: Disabled
 Parallel Workers: 4
 Concurrent Workers: 1
 Concurrent Refinement Workers: 4
 Periodic GC: Disabled
Heap:
 garbage-first heap   total 549888K, used 391894K [0x0000000080000000, 0x0000000100000000)
  region size 1024K, 241 young (246784K), 7 survivors (7168K)
 Metaspace       used 136471K, committed 137280K, reserved 1171456K
  class space    used 17709K, committed 18112K, reserved 1048576K
GC Heap History (20 events):
Event: 2212.559 GC heap before
{Heap before GC invocations=82 (full 0):
 garbage-first heap   total 252928K, used 168838K [0x0000000080000000, 0x0000000100000000)
  region size 1024K, 66 young (67584K), 1 survivors (1024K)
 Metaspace       used 130645K, committed 131328K, reserved 1163264K
  class space    used 17416K, committed 17728K, reserved 1048576K
}
Event: 2212.582 GC heap after
{Heap after GC invocations=83 (full 0):
 garbage-first heap   total 252928K, used 111380K [0x0000000080000000, 0x0000000100000000)
  region size 1024K, 8 young (8192K), 8 survivors (8192K)
 Metaspace       used 130645K, committed 131328K, reserved 1163264K
  class space    used 17416K, committed 17728K, reserved 1048576K
}
Event: 2216.413 GC heap before
{Heap before GC invocations=84 (full 0):
 garbage-first heap   total 252928K, used 207636K [0x0000000080000000, 0x0000000100000000)
  region size 1024K, 101 young (103424K), 8 survivors (8192K)
 Metaspace       used 132439K, committed 133056K, reserved 1171456K
  class space    used 17485K, committed 17792K, reserved 1048576K
}
Event: 2216.509 GC heap after
{Heap after GC invocations=85 (full 0):
 garbage-first heap   total 252928K, used 113723K [0x0000000080000000, 0x0000000100000000)
  region size 1024K, 4 young (4096K), 4 survivors (4096K)
 Metaspace       used 132439K, committed 133056K, reserved 1171456K
  class space    used 17485K, committed 17792K, reserved 1048576K
}
Event: 2217.528 GC heap before
{Heap before GC invocations=85 (full 0):
 garbage-first heap   total 252928K, used 120891K [0x0000000080000000, 0x0000000100000000)
  region size 1024K, 12 young (12288K), 4 survivors (4096K)
 Metaspace       used 132481K, committed 133248K, reserved 1171456K
  class space    used 17487K, committed 17856K, reserved 1048576K
}
Event: 2217.544 GC heap after
{Heap after GC invocations=86 (full 0):
 garbage-first heap   total 252928K, used 108559K [0x0000000080000000, 0x0000000100000000)
  region size 1024K, 1 young (1024K), 1 survivors (1024K)
 Metaspace       used 132481K, committed 133248K, reserved 1171456K
  class space    used 17487K, committed 17856K, reserved 1048576K
}
Event: 2218.615 GC heap before
{Heap before GC invocations=86 (full 0):
 garbage-first heap   total 252928K, used 125967K [0x0000000080000000, 0x0000000100000000)
  region size 1024K, 20 young (20480K), 1 survivors (1024K)
 Metaspace       used 132999K, committed 133696K, reserved 1171456K
  class space    used 17527K, committed 17856K, reserved 1048576K
}
Event: 2218.619 GC heap after
{Heap after GC invocations=87 (full 0):
 garbage-first heap   total 252928K, used 108977K [0x0000000080000000, 0x0000000100000000)
  region size 1024K, 1 young (1024K), 1 survivors (1024K)
 Metaspace       used 132999K, committed 133696K, reserved 1171456K
  class space    used 17527K, committed 17856K, reserved 1048576K
}
Event: 2497.639 GC heap before
{Heap before GC invocations=88 (full 0):
 garbage-first heap   total 252928K, used 227761K [0x0000000080000000, 0x0000000100000000)
  region size 1024K, 99 young (101376K), 1 survivors (1024K)
 Metaspace       used 133604K, committed 134336K, reserved 1171456K
  class space    used 17579K, committed 17920K, reserved 1048576K
}
Event: 2497.813 GC heap after
{Heap after GC invocations=89 (full 0):
 garbage-first heap   total 252928K, used 127511K [0x0000000080000000, 0x0000000100000000)
  region size 1024K, 13 young (13312K), 13 survivors (13312K)
 Metaspace       used 133604K, committed 134336K, reserved 1171456K
  class space    used 17579K, committed 17920K, reserved 1048576K
}
Event: 2497.827 GC heap before
{Heap before GC invocations=89 (full 0):
 garbage-first heap   total 252928K, used 128535K [0x0000000080000000, 0x0000000100000000)
  region size 1024K, 14 young (14336K), 13 survivors (13312K)
 Metaspace       used 133604K, committed 134336K, reserved 1171456K
  class space    used 17579K, committed 17920K, reserved 1048576K
}
Event: 2498.002 GC heap after
{Heap after GC invocations=90 (full 0):
 garbage-first heap   total 252928K, used 127364K [0x0000000080000000, 0x0000000100000000)
  region size 1024K, 2 young (2048K), 2 survivors (2048K)
 Metaspace       used 133604K, committed 134336K, reserved 1171456K
  class space    used 17579K, committed 17920K, reserved 1048576K
}
Event: 2500.332 GC heap before
{Heap before GC invocations=90 (full 0):
 garbage-first heap   total 252928K, used 201092K [0x0000000080000000, 0x0000000100000000)
  region size 1024K, 75 young (76800K), 2 survivors (2048K)
 Metaspace       used 134193K, committed 134976K, reserved 1171456K
  class space    used 17592K, committed 17984K, reserved 1048576K
}
Event: 2500.358 GC heap after
{Heap after GC invocations=91 (full 0):
 garbage-first heap   total 758784K, used 130959K [0x0000000080000000, 0x0000000100000000)
  region size 1024K, 5 young (5120K), 5 survivors (5120K)
 Metaspace       used 134193K, committed 134976K, reserved 1171456K
  class space    used 17592K, committed 17984K, reserved 1048576K
}
Event: 7583.862 GC heap before
{Heap before GC invocations=92 (full 0):
 garbage-first heap   total 557056K, used 405391K [0x0000000080000000, 0x0000000100000000)
  region size 1024K, 240 young (245760K), 5 survivors (5120K)
 Metaspace       used 134922K, committed 135808K, reserved 1171456K
  class space    used 17637K, committed 18048K, reserved 1048576K
}
Event: 7583.984 GC heap after
{Heap after GC invocations=93 (full 0):
 garbage-first heap   total 557056K, used 136351K [0x0000000080000000, 0x0000000100000000)
  region size 1024K, 13 young (13312K), 13 survivors (13312K)
 Metaspace       used 134922K, committed 135808K, reserved 1171456K
  class space    used 17637K, committed 18048K, reserved 1048576K
}
Event: 7584.082 GC heap before
{Heap before GC invocations=93 (full 0):
 garbage-first heap   total 557056K, used 149663K [0x0000000080000000, 0x0000000100000000)
  region size 1024K, 27 young (27648K), 13 survivors (13312K)
 Metaspace       used 134932K, committed 135808K, reserved 1171456K
  class space    used 17637K, committed 18048K, reserved 1048576K
}
Event: 7584.209 GC heap after
{Heap after GC invocations=94 (full 0):
 garbage-first heap   total 557056K, used 133584K [0x0000000080000000, 0x0000000100000000)
  region size 1024K, 4 young (4096K), 4 survivors (4096K)
 Metaspace       used 134932K, committed 135808K, reserved 1171456K
  class space    used 17637K, committed 18048K, reserved 1048576K
}
Event: 7585.940 GC heap before
{Heap before GC invocations=94 (full 0):
 garbage-first heap   total 557056K, used 171472K [0x0000000080000000, 0x0000000100000000)
  region size 1024K, 43 young (44032K), 4 survivors (4096K)
 Metaspace       used 135002K, committed 135872K, reserved 1171456K
  class space    used 17639K, committed 18048K, reserved 1048576K
}
Event: 7585.967 GC heap after
{Heap after GC invocations=95 (full 0):
 garbage-first heap   total 557056K, used 135894K [0x0000000080000000, 0x0000000100000000)
  region size 1024K, 7 young (7168K), 7 survivors (7168K)
 Metaspace       used 135002K, committed 135872K, reserved 1171456K
  class space    used 17639K, committed 18048K, reserved 1048576K
}

